Arguments: 
  /home/Erik/.local/share/fnm/node-versions/v19.9.0/installation/bin/node /usr/bin/yarn global dir --json

PATH: 
  /run/user/1000/fnm_multishells/16933_1690562747141/bin:/home/Erik/.local/bin:/home/Erik/.cargo/bin:/home/Erik/.config/rofi/scripts:/home/Erik/.spicetify:/home/Erik/.local/share/pnpm:/run/user/1000/fnm_multishells/2054_1690551671534/bin:/usr/local/bin:/usr/bin:/usr/local/sbin:/var/lib/flatpak/exports/bin:/usr/lib/jvm/default/bin:/usr/bin/site_perl:/usr/bin/vendor_perl:/usr/bin/core_perl:/usr/lib/rustup/bin

Yarn version: 
  1.22.19

Node version: 
  19.9.0

Platform: 
  linux x64

Trace: 
  Error: Failed to replace env in config: ${NPM_AUTH_TOKEN}
      at /usr/lib/node_modules/yarn/lib/cli.js:94933:13
      at String.replace (<anonymous>)
      at envReplace (/usr/lib/node_modules/yarn/lib/cli.js:94928:16)
      at Function.normalizeConfig (/usr/lib/node_modules/yarn/lib/cli.js:31938:69)
      at NpmRegistry.<anonymous> (/usr/lib/node_modules/yarn/lib/cli.js:31968:34)
      at Generator.next (<anonymous>)
      at step (/usr/lib/node_modules/yarn/lib/cli.js:310:30)
      at /usr/lib/node_modules/yarn/lib/cli.js:321:13

npm manifest: 
  {
    "name": "@ierik/react-generics",
    "description": "",
    "version": "0.1.4",
    "main": "src/index.ts",
    "author": "Erik Isidore <ericssonico@proton.me>",
    "license": "GPL-3",
    "homepage": "https://github.com/iErik/react-generics#readme",
    "publishConfig": {
      "@ierik:registry": "https://npm.pkg.github.com"
    },
    "scripts": {
      "storybook": "storybook dev -p 6006",
      "build-storybook": "storybook build",
      "pre-release": "standard-version && git push --follow-tags",
      "full-release": "standard-version && git push --follow-tags && npm publish",
      "release": "npm publish"
    },
    "repository": {
      "type": "git",
      "url": "git+https://github.com/iErik/react-generics.git"
    },
    "bugs": {
      "url": "https://github.com/iErik/react-generics/issues"
    },
    "dependencies": {
      "@stitches/react": "^1.2.8",
      "react": "^18.2.0",
      "react-dom": "^18.2.0",
      "typescript": "^5.0.3",
      "vite": "^4.2.1"
    },
    "devDependencies": {
      "@storybook/addon-essentials": "^7.1.0",
      "@storybook/addon-interactions": "^7.1.0",
      "@storybook/addon-links": "^7.1.0",
      "@storybook/addon-onboarding": "^1.0.8",
      "@storybook/blocks": "^7.1.0",
      "@storybook/react": "^7.1.0",
      "@storybook/react-vite": "^7.1.0",
      "@storybook/testing-library": "^0.2.0",
      "@types/react": "^18.0.33",
      "@types/react-dom": "^18.0.11",
      "standard-version": "^9.5.0",
      "storybook": "^7.1.0"
    }
  }

yarn manifest: 
  No manifest

Lockfile: 
  No lockfile
